build/app/outputs/mapping/release/seeds.txt
com.example.superapp.MainActivity
com.example.superapp.ProxyService
com.example.superapp.ProxyService: ProxyService()
com.example.superapp.MainActivity: MainActivity()
...
androidx.core.app.NotificationCompatBuilder$Api26Impl: android.app.Notification$Builder setShortcutId(android.app.Notification$Builder,java.lang.String)
androidx.lifecycle.ProcessLifecycleOwner$attach$1: void onActivityStopped(android.app.Activity)
io.flutter.view.TextureRegistry$SurfaceTextureEntry: long id()
androidx.core.view.WindowInsetsCompat$TypeImpl30: int toPlatformType(int)
androidx.core.view.ViewCompat$Api21Impl: float getElevation(android.view.View)
io.flutter.embedding.engine.FlutterJNI: void lambda$decodeImage$0(long,android.graphics.ImageDecoder,android.graphics.ImageDecoder$ImageInfo,android.graphics.ImageDecoder$Source)
androidx.core.view.ViewCompat$Api21Impl: boolean startNestedScroll(android.view.View,int)
androidx.core.view.DisplayCutoutCompat$Api28Impl: int getSafeInsetLeft(android.view.DisplayCutout)
io.flutter.embedding.engine.FlutterJNI: void nativeDispatchPlatformMessage(long,java.lang.String,java.nio.ByteBuffer,int,int)
androidx.core.view.ViewCompat$Api28Impl: void setAccessibilityPaneTitle(android.view.View,java.lang.CharSequence)
androidx.core.view.WindowInsetsCompat$Impl: int hashCode()
androidx.core.view.ViewCompat$Api28Impl: java.lang.CharSequence getAccessibilityPaneTitle(android.view.View)
io.flutter.embedding.engine.FlutterJNI: void nativeDeferredComponentInstallFailure(int,java.lang.String,boolean)
androidx.core.view.ViewCompat$Api28Impl: void addOnUnhandledKeyEventListener(android.view.View,androidx.core.view.ViewCompat$OnUnhandledKeyEventListenerCompat)
androidx.window.area.reflectionguard.WindowAreaComponentApi3Requirements: void addRearDisplayPresentationStatusListener(androidx.window.extensions.core.util.function.Consumer)
androidx.core.app.NotificationCompatBuilder$Api21Impl: android.app.Notification$Builder setColor(android.app.Notification$Builder,int)
androidx.lifecycle.EmptyActivityLifecycleCallbacks: void onActivityStarted(android.app.Activity)
androidx.lifecycle.ReportFragment$LifecycleCallbacks: void onActivityPreDestroyed(android.app.Activity)
androidx.core.view.WindowInsetsCompat$BuilderImpl: WindowInsetsCompat$BuilderImpl()
androidx.lifecycle.Lifecycle$Event: androidx.lifecycle.Lifecycle$Event valueOf(java.lang.String)
androidx.core.view.WindowInsetsCompat$BuilderImpl29: void setSystemGestureInsets(androidx.core.graphics.Insets)
androidx.core.view.WindowInsetsCompat$Impl: androidx.core.view.WindowInsetsCompat consumeSystemWindowInsets()
androidx.core.app.NotificationCompatBuilder$Api21Impl: android.app.Notification$Builder setPublicVersion(android.app.Notification$Builder,android.app.Notification)
io.flutter.embedding.engine.renderer.SurfaceTextureWrapper: void attachToGLContext(int)
kotlinx.coroutines.android.AndroidDispatcherFactory: kotlinx.coroutines.MainCoroutineDispatcher createDispatcher(java.util.List)
io.flutter.view.AccessibilityBridge$StringAttributeType: io.flutter.view.AccessibilityBridge$StringAttributeType valueOf(java.lang.String)
androidx.core.view.WindowInsetsCompat$Impl20: androidx.core.graphics.Insets getInsets(int,boolean)
androidx.core.view.WindowInsetsCompat$Impl: void setRootViewData(androidx.core.graphics.Insets)
androidx.core.view.WindowInsetsCompat$Impl29: androidx.core.graphics.Insets getMandatorySystemGestureInsets()
io.flutter.embedding.android.FlutterView$ZeroSides: io.flutter.embedding.android.FlutterView$ZeroSides[] values()
androidx.core.view.WindowInsetsCompat$Impl30: WindowInsetsCompat$Impl30(androidx.core.view.WindowInsetsCompat,android.view.WindowInsets)
io.flutter.embedding.engine.renderer.FlutterRenderer$ImageReaderSurfaceProducer: void release()
kotlinx.coroutines.CoroutineStart: kotlinx.coroutines.CoroutineStart valueOf(java.lang.String)
androidx.lifecycle.EmptyActivityLifecycleCallbacks: void onActivityStopped(android.app.Activity)
kotlinx.coroutines.android.AndroidDispatcherFactory: AndroidDispatcherFactory()
androidx.core.view.DisplayCutoutCompat$Api28Impl: int getSafeInsetTop(android.view.DisplayCutout)