build/app/outputs/mapping/release/mapping.txt
# compiler: R8
# compiler_version: 8.1.56
# min_api: 21
# common_typos_disable
# {"id":"com.android.tools.r8.mapping","version":"2.2"}
# pg_map_id: 4bc1064
# pg_map_hash: SHA-256 4bc1064688d1bfcd149ecefd5d3ffc5d8290fcf7aae088971421dce2acdd40aa
com.example.superapp.AppInfoHandler -> x.a:
    android.content.Context context -> a
    1:1:void <init>(android.content.Context):0:0 -> <init>
    1:1:void onMethodCall(io.flutter.plugin.common.MethodCall,io.flutter.plugin.common.MethodChannel$Result):0:0 -> a
      # {"id":"com.android.tools.r8.residualsignature","signature":"(Lh0/h;Lh0/i$d;)V"}
    1:1:byte[] drawableToByteArray(android.graphics.drawable.Drawable):0:0 -> b
    1:1:void getInstalledApps(io.flutter.plugin.common.MethodChannel$Result):0:0 -> c
      # {"id":"com.android.tools.r8.residualsignature","signature":"(Lh0/i$d;)V"}
    1:1:boolean isSystemApp(android.content.pm.ApplicationInfo):0:0 -> d
com.example.superapp.MainActivity -> com.example.superapp.MainActivity:
    java.lang.String APP_LAUNCHER_CHANNEL -> f
    java.lang.String NETWORK_PROXY_CHANNEL -> g
    java.lang.String APP_INFO_CHANNEL -> h
    java.lang.String WIFI_SCANNER_CHANNEL -> i
    int VPN_REQUEST_CODE -> j
    1:1:void $r8$lambda$RI8ceFFe7fG2DLWcHLFvU4Nhro4(com.example.superapp.MainActivity,io.flutter.plugin.common.MethodCall,io.flutter.plugin.common.MethodChannel$Result):0:0 -> V
      # {"id":"com.android.tools.r8.synthesized"}
      # {"id":"com.android.tools.r8.residualsignature","signature":"(Lcom/example/superapp/MainActivity;Lh0/h;Lh0/i$d;)V"}
    1:1:void $r8$lambda$ykGk9qaH_zksFsCoGdV3p33vLiw(com.example.superapp.MainActivity,io.flutter.plugin.common.MethodCall,io.flutter.plugin.common.MethodChannel$Result):0:0 -> W
      # {"id":"com.android.tools.r8.synthesized"}
      # {"id":"com.android.tools.r8.residualsignature","signature":"(Lcom/example/superapp/MainActivity;Lh0/h;Lh0/i$d;)V"}
    1:1:void configureFlutterEngine$lambda$0(com.example.superapp.MainActivity,io.flutter.plugin.common.MethodCall,io.flutter.plugin.common.MethodChannel$Result):0:0 -> X
      # {"id":"com.android.tools.r8.residualsignature","signature":"(Lcom/example/superapp/MainActivity;Lh0/h;Lh0/i$d;)V"}
    1:1:void configureFlutterEngine$lambda$1(com.example.superapp.MainActivity,io.flutter.plugin.common.MethodCall,io.flutter.plugin.common.MethodChannel$Result):0:0 -> Y
com.example.superapp.MainActivity$$ExternalSyntheticLambda0 -> x.b:
# {"id":"sourceFile","fileName":"R8$$SyntheticClass"}
# {"id":"com.android.tools.r8.synthesized"}
    com.example.superapp.MainActivity com.example.superapp.MainActivity$$InternalSyntheticLambda$1$d4072214c320fdac84cbae962c0f0b259773edb7bb01295044c1205dafa8525c$0.f$0 -> a
    1:1:void com.example.superapp.MainActivity$$InternalSyntheticLambda$1$d4072214c320fdac84cbae962c0f0b259773edb7bb01295044c1205dafa8525c$0.<init>(com.example.superapp.MainActivity):0:0 -> <init>
      # {"id":"com.android.tools.r8.synthesized"}
    1:1:void com.example.superapp.MainActivity$$InternalSyntheticLambda$1$d4072214c320fdac84cbae962c0f0b259773edb7bb01295044c1205dafa8525c$0.onMethodCall(io.flutter.plugin.common.MethodCall,io.flutter.plugin.common.MethodChannel$Result):0:0 -> a
      # {"id":"com.android.tools.r8.synthesized"}
      # {"id":"com.android.tools.r8.residualsignature","signature":"(Lh0/h;Lh0/i$d;)V"}
...
io.flutter.plugin.common.MethodChannel$Result -> h0.i$d:
    void error(java.lang.String,java.lang.String,java.lang.Object) -> a
    void success(java.lang.Object) -> b
    void notImplemented() -> c
io.flutter.plugin.common.MethodCodec -> h0.j:
    java.nio.ByteBuffer encodeErrorEnvelopeWithStacktrace(java.lang.String,java.lang.String,java.lang.Object,java.lang.String) -> a
    java.nio.ByteBuffer encodeErrorEnvelope(java.lang.String,java.lang.String,java.lang.Object) -> b
    java.nio.ByteBuffer encodeSuccessEnvelope(java.lang.Object) -> c
    java.nio.ByteBuffer encodeMethodCall(io.flutter.plugin.common.MethodCall) -> d
      # {"id":"com.android.tools.r8.residualsignature","signature":"(Lh0/h;)Ljava/nio/ByteBuffer;"}
    io.flutter.plugin.common.MethodCall decodeMethodCall(java.nio.ByteBuffer) -> e
      # {"id":"com.android.tools.r8.residualsignature","signature":"(Ljava/nio/ByteBuffer;)Lh0/h;"}
    java.lang.Object decodeEnvelope(java.nio.ByteBuffer) -> f
io.flutter.plugin.common.PluginRegistry$ActivityResultListener -> h0.k:
    boolean onActivityResult(int,int,android.content.Intent) -> b
io.flutter.plugin.common.PluginRegistry$RequestPermissionsResultListener -> h0.l:
    boolean onRequestPermissionsResult(int,java.lang.String[],int[]) -> a
io.flutter.plugin.common.StandardMessageCodec -> h0.m:
    io.flutter.plugin.common.StandardMessageCodec INSTANCE -> a
    boolean LITTLE_ENDIAN -> b
    java.nio.charset.Charset UTF8 -> c
    1:1:void <clinit>():0:0 -> <clinit>
    void <init>() -> <init>
    1:1:java.lang.Object decodeMessage(java.nio.ByteBuffer):0:0 -> a
    1:1:java.nio.ByteBuffer encodeMessage(java.lang.Object):0:0 -> b
    1:1:void readAlignment(java.nio.ByteBuffer,int):0:0 -> c
    1:1:byte[] readBytes(java.nio.ByteBuffer):0:0 -> d
    1:1:int readSize(java.nio.ByteBuffer):0:0 -> e
    1:1:java.lang.Object readValue(java.nio.ByteBuffer):0:0 -> f
    1:1:java.lang.Object readValueOfType(byte,java.nio.ByteBuffer):0:0 -> g
    1:1:void writeAlignment(java.io.ByteArrayOutputStream,int):0:0 -> h
    1:1:void writeBytes(java.io.ByteArrayOutputStream,byte[]):0:0 -> i
    1:1:void writeChar(java.io.ByteArrayOutputStream,int):0:0 -> j
    1:1:void writeDouble(java.io.ByteArrayOutputStream,double):0:0 -> k
    1:1:void writeFloat(java.io.ByteArrayOutputStream,float):0:0 -> l
    1:1:void writeInt(java.io.ByteArrayOutputStream,int):0:0 -> m
    1:1:void writeLong(java.io.ByteArrayOutputStream,long):0:0 -> n
    1:1:void writeSize(java.io.ByteArrayOutputStream,int):0:0 -> o
    1:1:void writeValue(java.io.ByteArrayOutputStream,java.lang.Object):0:0 -> p
io.flutter.plugin.common.StandardMessageCodec$ExposedByteArrayOutputStream -> h0.m$a:
    void <init>() -> <init>
    1:1:byte[] buffer():0:0 -> a
io.flutter.plugin.common.StandardMethodCodec -> h0.n:
    io.flutter.plugin.common.StandardMessageCodec messageCodec -> a
    io.flutter.plugin.common.StandardMethodCodec INSTANCE -> b
    1:1:void <clinit>():0:0 -> <clinit>
    1:1:void <init>(io.flutter.plugin.common.StandardMessageCodec):0:0 -> <init>
      # {"id":"com.android.tools.r8.residualsignature","signature":"(Lh0/m;)V"}
    1:1:java.nio.ByteBuffer encodeErrorEnvelopeWithStacktrace(java.lang.String,java.lang.String,java.lang.Object,java.lang.String):0:0 -> a
    1:1:java.nio.ByteBuffer encodeErrorEnvelope(java.lang.String,java.lang.String,java.lang.Object):0:0 -> b
    1:1:java.nio.ByteBuffer encodeSuccessEnvelope(java.lang.Object):0:0 -> c
    1:1:java.nio.ByteBuffer encodeMethodCall(io.flutter.plugin.common.MethodCall):0:0 -> d
      # {"id":"com.android.tools.r8.residualsignature","signature":"(Lh0/h;)Ljava/nio/ByteBuffer;"}
    1:1:io.flutter.plugin.common.MethodCall decodeMethodCall(java.nio.ByteBuffer):0:0 -> e
      # {"id":"com.android.tools.r8.residualsignature","signature":"(Ljava/nio/ByteBuffer;)Lh0/h;"}
    1:1:java.lang.Object decodeEnvelope(java.nio.ByteBuffer):0:0 -> f