build/app/outputs/mapping/release/usage.txt
com.example.superapp.ProxyService$Companion:
    public final void setRunning(boolean)
com.example.superapp.ProxyService$ConnectionInfo:
    public final java.lang.String component1()
    public final int component2()
    public final java.lang.String component3()
    public final int component4()
    public final int component5()
    public final int component6()
    public final java.lang.String component7()
    public final boolean component8()
    public final com.example.superapp.ProxyService$ConnectionInfo copy(java.lang.String,int,java.lang.String,int,int,int,java.lang.String,boolean)
    public static synthetic com.example.superapp.ProxyService$ConnectionInfo copy$default(com.example.superapp.ProxyService$ConnectionInfo,java.lang.String,int,java.lang.String,int,int,int,java.lang.String,boolean,int,java.lang.Object)
    public final int getAppUid()
    public final java.lang.String getDestinationAddress()
    public final int getDestinationPort()
    public final int getProtocol()
    public final java.lang.String getSourceAddress()
    public final int getSourcePort()
    public final boolean getUseNetworkA()
com.example.superapp.ProxyService:
    public static final java.lang.String ACTION_START
    public static final java.lang.String ACTION_STOP
    public static final java.lang.String ACTION_UPDATE_APPS
    public static final java.lang.String ACTION_UPDATE_NET_A_CONFIG
    public static final java.lang.String ACTION_UPDATE_NET_B_CONFIG
    public static final java.lang.String EXTRA_NET_A_APPS
    public static final java.lang.String EXTRA_NET_A_CONFIG
    public static final java.lang.String EXTRA_NET_B_CONFIG
    public static final java.lang.String NOTIFICATION_CHANNEL_ID
    public static final int NOTIFICATION_ID
    public static final synthetic void access$setRunning$cp(boolean)
com.example.superapp.R$drawable:
    public static int launch_background
    private void <init>()
com.example.superapp.R$mipmap
com.example.superapp.R$style
com.example.superapp.R
...
androidx.window.area.RearDisplayPresentationSessionPresenterImpl
androidx.window.area.RearDisplaySessionImpl
androidx.window.area.SafeWindowAreaComponentProvider$isWindowAreaProviderValid$1
androidx.window.area.SafeWindowAreaComponentProvider
androidx.window.area.WindowAreaAdapter
androidx.window.area.WindowAreaCapability$Operation$Companion
androidx.window.area.WindowAreaCapability$Operation
androidx.window.area.WindowAreaCapability$Status$Companion
androidx.window.area.WindowAreaCapability$Status
androidx.window.area.WindowAreaCapability
androidx.window.area.WindowAreaController$Companion
androidx.window.area.WindowAreaController
androidx.window.area.WindowAreaControllerDecorator
androidx.window.area.WindowAreaControllerImpl$Companion
androidx.window.area.WindowAreaControllerImpl$RearDisplayPresentationSessionConsumer
androidx.window.area.WindowAreaControllerImpl$RearDisplaySessionConsumer
androidx.window.area.WindowAreaControllerImpl$presentContentOnWindowArea$2
androidx.window.area.WindowAreaControllerImpl$transferActivityToWindowArea$2
androidx.window.area.WindowAreaControllerImpl$windowAreaInfos$1$1
androidx.window.area.WindowAreaControllerImpl$windowAreaInfos$1
androidx.window.area.WindowAreaControllerImpl
androidx.window.area.WindowAreaInfo$Type$Companion
androidx.window.area.WindowAreaInfo$Type
androidx.window.area.WindowAreaInfo
androidx.window.area.WindowAreaPresentationSessionCallback
androidx.window.area.WindowAreaSession
androidx.window.area.WindowAreaSessionCallback
androidx.window.area.WindowAreaSessionPresenter
androidx.window.area.reflectionguard.WindowAreaComponentValidator
androidx.window.area.utils.DeviceMetrics
androidx.window.area.utils.DeviceUtils
androidx.window.core.ActivityComponentInfo
androidx.window.core.Bounds:
    public final int getBottom()
    public final int getRight()
    public final boolean isEmpty()
androidx.window.core.ConsumerAdapter$createSubscription$2
androidx.window.core.ConsumerAdapter$createSubscriptionNoActivity$1
androidx.window.core.ConsumerAdapter:
    public final void addConsumer(java.lang.Object,kotlin.reflect.KClass,java.lang.String,kotlin.jvm.functions.Function1)
    public final void createConsumer(java.lang.Object,kotlin.reflect.KClass,java.lang.String,android.app.Activity,kotlin.jvm.functions.Function1)
    public final androidx.window.core.ConsumerAdapter$Subscription createSubscription(java.lang.Object,kotlin.reflect.KClass,java.lang.String,java.lang.String,android.content.Context,kotlin.jvm.functions.Function1)
    public final androidx.window.core.ConsumerAdapter$Subscription createSubscriptionNoActivity(java.lang.Object,kotlin.reflect.KClass,java.lang.String,java.lang.String,kotlin.jvm.functions.Function1)
androidx.window.core.ExperimentalWindowApi
androidx.window.core.FailedSpecification:
    public final androidx.window.core.WindowStrictModeException getException()
    public final androidx.window.core.Logger getLogger()
    public final java.lang.String getMessage()
    public final java.lang.String getTag()
    public final java.lang.Object getValue()
    public final androidx.window.core.VerificationMode getVerificationMode()
androidx.window.core.PredicateAdapter$BaseHandler
androidx.window.core.PredicateAdapter$PairPredicateStubHandler
androidx.window.core.PredicateAdapter$PredicateStubHandler
androidx.window.core.PredicateAdapter
androidx.window.core.ValidSpecification:
    public final androidx.window.core.Logger getLogger()
    public final java.lang.String getTag()
    public final java.lang.Object getValue()
    public final androidx.window.core.VerificationMode getVerificationMode()
androidx.window.core.Version$Companion:
    public final androidx.window.core.Version getCURRENT()
    public final androidx.window.core.Version getUNKNOWN()
    public final androidx.window.core.Version getVERSION_1_0()